<?xml version="1.0" encoding="UTF-8"?>
<!-- Generated by org.testng.reporters.JUnitXMLReporter -->
<testsuite hostname="FHINBLRLP030" failures="0" tests="2" name="Default test" time="39.81" errors="0" timestamp="13 Sep 2024 02:52:38 GMT">
  <testcase classname="login.LoginTest" name="verifyLoginFunctionalityByEnteringValidUsernameandPassword" time="14.751"/>
  <testcase classname="login.LoginTest" name="verifyLoginFunctionalityByEnteringinValidUsernameandPassword" time="5.901"/>
</testsuite> <!-- Default test -->
