<?xml version="1.0" encoding="UTF-8"?>
<testng-results total="2" passed="2" failed="0" skipped="0">
  <reporter-output>
  </reporter-output>
  <suite started-at="2024-09-13T02:51:58Z" name="Default suite" finished-at="2024-09-13T02:52:38Z" duration-ms="39810">
    <groups>
    </groups>
    <test started-at="2024-09-13T02:51:58Z" name="Default test" finished-at="2024-09-13T02:52:38Z" duration-ms="39810">
      <class name="login.LoginTest">
        <test-method is-config="true" signature="beforeClass()[pri:0, instance:login.LoginTest@6f96c77]" started-at="2024-09-13T08:21:58Z" name="beforeClass" finished-at="2024-09-13T08:22:05Z" duration-ms="6550" status="PASS">
          <reporter-output>
          </reporter-output>
        </test-method> <!-- beforeClass -->
        <test-method is-config="true" signature="beforeMethod()[pri:0, instance:login.LoginTest@6f96c77]" started-at="2024-09-13T08:22:05Z" name="beforeMethod" finished-at="2024-09-13T08:22:15Z" duration-ms="10919" status="PASS">
          <reporter-output>
          </reporter-output>
        </test-method> <!-- beforeMethod -->
        <test-method signature="verifyLoginFunctionalityByEnteringValidUsernameandPassword()[pri:1, instance:login.LoginTest@6f96c77]" started-at="2024-09-13T08:22:15Z" name="verifyLoginFunctionalityByEnteringValidUsernameandPassword" finished-at="2024-09-13T08:22:30Z" duration-ms="14751" status="PASS">
          <reporter-output>
          </reporter-output>
        </test-method> <!-- verifyLoginFunctionalityByEnteringValidUsernameandPassword -->
        <test-method is-config="true" signature="beforeMethod()[pri:0, instance:login.LoginTest@6f96c77]" started-at="2024-09-13T08:22:30Z" name="beforeMethod" finished-at="2024-09-13T08:22:30Z" duration-ms="157" status="PASS">
          <reporter-output>
          </reporter-output>
        </test-method> <!-- beforeMethod -->
        <test-method signature="verifyLoginFunctionalityByEnteringinValidUsernameandPassword()[pri:2, instance:login.LoginTest@6f96c77]" started-at="2024-09-13T08:22:30Z" name="verifyLoginFunctionalityByEnteringinValidUsernameandPassword" finished-at="2024-09-13T08:22:36Z" duration-ms="5901" status="PASS">
          <reporter-output>
          </reporter-output>
        </test-method> <!-- verifyLoginFunctionalityByEnteringinValidUsernameandPassword -->
        <test-method is-config="true" signature="tearDown()[pri:0, instance:login.LoginTest@6f96c77]" started-at="2024-09-13T08:22:36Z" name="tearDown" finished-at="2024-09-13T08:22:38Z" duration-ms="1511" status="PASS">
          <reporter-output>
          </reporter-output>
        </test-method> <!-- tearDown -->
      </class> <!-- login.LoginTest -->
    </test> <!-- Default test -->
  </suite> <!-- Default suite -->
</testng-results>
